<?xml version="1.0" encoding="UTF-8"?>
<!-- Generated by org.testng.reporters.JUnitReportReporter -->
<testsuite skipped="0" hostname="DESKTOP-KI65OIA" name="com.shopify.admin.Level_14_Log_ReportNG" tests="2" failures="0" timestamp="2023-03-31T16:40:27 ICT" time="4.554" errors="0">
  <testcase name="User_02_Login" time="1.392" classname="com.shopify.admin.Level_14_Log_ReportNG"/>
  <system-out>
    <![CDATA[[2023-03-31 16:40:24,927] Login - Step 01: Navigate to 'Login' page

[2023-03-31 16:40:25,302] Login - Step 02: Verify 'Login' page is open

[2023-03-31 16:40:25,359] Login - Step 03: Enter to 'Email' textbox with value is 'hoang617752@gmail.com'

[2023-03-31 16:40:25,489] Login - Step 04: Enter to 'Password' textbox with value is '123123'

[2023-03-31 16:40:25,628] Login - Step 05: CLick to 'Register' button

[2023-03-31 16:40:26,261] Login - Step 06: Verify 'My account' page is display
]]>
  </system-out>
  <testcase name="User_01_Register" time="3.162" classname="com.shopify.admin.Level_14_Log_ReportNG"/>
  <system-out>
    <![CDATA[[2023-03-31 16:40:21,764] Register - Step 01: Navigate to 'Register' page

[2023-03-31 16:40:22,728] Register - Step 02: Verify 'Register' page is open

[2023-03-31 16:40:22,793] Register - Step 03: Click to 'Gender Male' radio

[2023-03-31 16:40:22,903] Register - Step 04: Enter to 'Firstname' textbox with value is 'hoang'

[2023-03-31 16:40:23,044] Register - Step 05: Enter to 'Lastname' textbox with value is 'huy'

[2023-03-31 16:40:23,185] Register - Step 06: Select value '25' inside 'Day' dropdown

[2023-03-31 16:40:23,313] Register - Step 07: Select value 'July' inside 'Month' dropdown

[2023-03-31 16:40:23,422] Register - Step 08: Select value '1998' inside 'Year' dropdown

[2023-03-31 16:40:23,545] Register - Step 09: Enter to 'Email' textbox with value is 'hoang617752@gmail.com'

[2023-03-31 16:40:23,693] Register - Step 10: Enter to 'Company' textbox with value is 'huy hoang'

[2023-03-31 16:40:23,832] Register - Step 11: Enter to 'Password' textbox with value is '123123'

[2023-03-31 16:40:23,965] Register - Step 12: Enter to 'Confirm Password' textbox with value is '123123'

[2023-03-31 16:40:24,111] Register - Step 13: Click to 'Register' button

[2023-03-31 16:40:24,877] Register - Step 14: Verify Register success message is display

[2023-03-31 16:40:24,925]  -------------------------- PASSED -------------------------- 
]]>
  </system-out>
</testsuite> <!-- com.shopify.admin.Level_14_Log_ReportNG -->
