<?xml version="1.0" encoding="UTF-8"?>
<!-- Generated by org.testng.reporters.JUnitReportReporter -->
<testsuite skipped="0" hostname="DESKTOP-KI65OIA" name="com.shopify.admin.UninstallApp" tests="1" failures="0" timestamp="2023-10-16T11:27:01 ICT" time="68.427" errors="0">
  <testcase name="UninstallApp" time="68.427" classname="com.shopify.admin.UninstallApp"/>
  <system-out/>
</testsuite> <!-- com.shopify.admin.UninstallApp -->
