<?xml version="1.0" encoding="UTF-8"?>
<!-- Generated by org.testng.reporters.JUnitReportReporter -->
<testsuite hostname="DESKTOP-KI65OIA" failures="0" tests="2" name="com.shopify.store.CreateOrders" time="34.420" errors="0" timestamp="2023-11-01T15:43:41 ICT" skipped="0">
  <testcase classname="com.shopify.store.CreateOrders" name="TC_01_CreateOrder" time="17.778"/>
  <system-out/>
  <testcase classname="com.shopify.store.CreateOrders" name="TC_01_CreateOrder" time="16.642"/>
  <system-out/>
</testsuite> <!-- com.shopify.store.CreateOrders -->
