<?xml version="1.0" encoding="UTF-8"?>
<!-- Generated by org.testng.reporters.JUnitReportReporter -->
<testsuite hostname="DESKTOP-KI65OIA" failures="0" tests="1" name="com.shopify.store.CreateOrders" time="14.205" errors="0" timestamp="2023-12-15T09:46:39 ICT" skipped="0">
  <testcase classname="com.shopify.store.CreateOrders" name="TC_01_CreateOrder" time="14.205"/>
  <system-out/>
</testsuite> <!-- com.shopify.store.CreateOrders -->
