<?xml version="1.0" encoding="UTF-8"?>
<!-- Generated by org.testng.reporters.JUnitReportReporter -->
<testsuite hostname="DESKTOP-KI65OIA" failures="0" tests="1" name="com.shopify.admin.UninstallApp" time="46.953" errors="0" timestamp="2023-12-05T10:52:52 ICT" skipped="0">
  <testcase classname="com.shopify.admin.UninstallApp" name="UninstallApp" time="46.953"/>
  <system-out/>
</testsuite> <!-- com.shopify.admin.UninstallApp -->
