<?xml version="1.0" encoding="UTF-8"?>
<!-- Generated by org.testng.reporters.JUnitReportReporter -->
<testsuite skipped="0" hostname="DESKTOP-KI65OIA" name="com.shopify.store.CreateOrders" tests="1" failures="0" timestamp="2023-10-17T13:44:03 ICT" time="21.398" errors="0">
  <testcase name="TC_01_CreateOrder" time="21.398" classname="com.shopify.store.CreateOrders"/>
  <system-out/>
</testsuite> <!-- com.shopify.store.CreateOrders -->
