<?xml version="1.0" encoding="UTF-8"?>
<!-- Generated by org.testng.reporters.JUnitReportReporter -->
<testsuite hostname="DESKTOP-KI65OIA" failures="0" tests="1" name="com.shopify.store.CreateOrderInStore" time="15.096" errors="0" timestamp="2024-01-12T10:18:29 ICT" skipped="0">
  <testcase classname="com.shopify.store.CreateOrderInStore" name="CreateOrder" time="15.096"/>
  <system-out/>
</testsuite> <!-- com.shopify.store.CreateOrderInStore -->
