<?xml version="1.0" encoding="UTF-8"?>
<!-- Generated by org.testng.reporters.JUnitReportReporter -->
<testsuite hostname="DESKTOP-KI65OIA" failures="0" tests="1" name="com.shopify.admin.UninstallApp" time="101.139" errors="0" timestamp="2023-12-01T16:54:23 ICT" skipped="0">
  <testcase classname="com.shopify.admin.UninstallApp" name="UninstallApp" time="101.139"/>
  <system-out/>
</testsuite> <!-- com.shopify.admin.UninstallApp -->
