<?xml version="1.0" encoding="UTF-8"?>
<!-- Generated by org.testng.reporters.JUnitReportReporter -->
<testsuite hostname="DESKTOP-KI65OIA" failures="0" tests="1" name="com.shopify.admin.InstallApp" time="62.670" errors="0" timestamp="2023-12-25T10:51:13 ICT" skipped="0">
  <testcase classname="com.shopify.admin.InstallApp" name="InstallApp" time="62.670"/>
  <system-out/>
</testsuite> <!-- com.shopify.admin.InstallApp -->
