<?xml version="1.0" encoding="UTF-8"?>
<!-- Generated by org.testng.reporters.JUnitReportReporter -->
<testsuite hostname="DESKTOP-KI65OIA" failures="0" tests="1" name="com.shopify.store.CreateOrders" time="19.873" errors="0" timestamp="2023-10-24T17:28:00 ICT" skipped="0">
  <testcase classname="com.shopify.store.CreateOrders" name="TC_01_CreateOrder" time="19.873"/>
  <system-out/>
</testsuite> <!-- com.shopify.store.CreateOrders -->
