<?xml version="1.0" encoding="UTF-8"?>
<!-- Generated by org.testng.reporters.JUnitReportReporter -->
<testsuite skipped="0" hostname="DESKTOP-KI65OIA" name="com.shopify.admin.InstallApp" tests="1" failures="0" timestamp="2023-10-16T11:27:01 ICT" time="54.898" errors="0">
  <testcase name="InstallApp" time="54.898" classname="com.shopify.admin.InstallApp"/>
  <system-out/>
</testsuite> <!-- com.shopify.admin.InstallApp -->
