<?xml version="1.0" encoding="UTF-8"?>
<!-- Generated by org.testng.reporters.JUnitReportReporter -->
<testsuite hostname="DESKTOP-KI65OIA" failures="0" tests="1" name="com.shopify.admin.UninstallApp" time="133.749" errors="0" timestamp="2024-01-09T14:41:14 ICT" skipped="0">
  <testcase classname="com.shopify.admin.UninstallApp" name="UninstallApp" time="133.749"/>
  <system-out/>
</testsuite> <!-- com.shopify.admin.UninstallApp -->
