<?xml version="1.0" encoding="UTF-8"?>
<!-- Generated by org.testng.reporters.JUnitReportReporter -->
<testsuite hostname="DESKTOP-KI65OIA" failures="0" tests="1" name="com.shopify.store.CreateOrders" time="17.726" errors="0" timestamp="2023-10-20T09:14:42 ICT" skipped="0">
  <testcase classname="com.shopify.store.CreateOrders" name="TC_01_CreateOrder" time="17.726"/>
  <system-out/>
</testsuite> <!-- com.shopify.store.CreateOrders -->
