<?xml version="1.0" encoding="UTF-8"?>
<!-- Generated by org.testng.reporters.JUnitReportReporter -->
<testsuite hostname="DESKTOP-KI65OIA" failures="0" tests="1" name="com.shopify.store.CreateOrders" time="153.517" errors="0" timestamp="2024-01-09T14:41:14 ICT" skipped="0">
  <testcase classname="com.shopify.store.CreateOrders" name="TC_01_CreateOrder" time="153.517"/>
  <system-out/>
</testsuite> <!-- com.shopify.store.CreateOrders -->
